<?xml version="1.0" encoding="UTF-8"?>
<robot generator="Robot 5.0.1 (Python 3.10.4 on win32)" generated="20220609 09:23:29.360" rpa="false" schemaversion="3">
<suite id="s1" name="Robot Day3" source="D:\Advance_Robot_Python\Robot Framework_2_Run Key Word IF\robot_day3.robot">
<test id="s1-t1" name="เทสส่งค่าไปยังคีย์เวิร์ด" line="10">
<kw name="Hello Name" library="Keywords">
<arg>Napaphorn</arg>
<kw name="Log To Console" library="BuiltIn">
<arg>\nHello ${data}</arg>
<doc>Logs the given message to the console.</doc>
<status status="PASS" starttime="20220609 09:23:29.697" endtime="20220609 09:23:29.697"/>
</kw>
<kw name="Log To Console" library="BuiltIn">
<arg>Hello ${test}</arg>
<doc>Logs the given message to the console.</doc>
<status status="PASS" starttime="20220609 09:23:29.697" endtime="20220609 09:23:29.698"/>
</kw>
<status status="PASS" starttime="20220609 09:23:29.697" endtime="20220609 09:23:29.698"/>
</kw>
<status status="PASS" starttime="20220609 09:23:29.695" endtime="20220609 09:23:29.698"/>
</test>
<status status="PASS" starttime="20220609 09:23:29.362" endtime="20220609 09:23:29.699"/>
</suite>
<statistics>
<total>
<stat pass="1" fail="0" skip="0">All Tests</stat>
</total>
<tag>
</tag>
<suite>
<stat pass="1" fail="0" skip="0" id="s1" name="Robot Day3">Robot Day3</stat>
</suite>
</statistics>
<errors>
</errors>
</robot>
